  Main_prac11.cpp
C:\Users\pauli\Documents\FI\2021-2\Compu Gráfica\Lab\Proyecto Final\Proyecto Final\Proyecto Final\Main_prac11.cpp(390,24): warning C4244: 'inicializando': conversión de 'double' a 'GLfloat'; posible pérdida de datos
C:\Users\pauli\Documents\FI\2021-2\Compu Gráfica\Lab\Proyecto Final\Proyecto Final\Proyecto Final\Main_prac11.cpp(667,11): warning C4244: '=': conversión de 'double' a 'GLfloat'; posible pérdida de datos
C:\Users\pauli\Documents\FI\2021-2\Compu Gráfica\Lab\Proyecto Final\Proyecto Final\Proyecto Final\Main_prac11.cpp(668,11): warning C4244: '=': conversión de 'double' a 'GLfloat'; posible pérdida de datos
C:\Users\pauli\Documents\FI\2021-2\Compu Gráfica\Lab\Proyecto Final\Proyecto Final\Proyecto Final\Main_prac11.cpp(672,18): warning C4244: 'inicializando': conversión de 'double' a 'GLfloat'; posible pérdida de datos
C:\Users\pauli\Documents\FI\2021-2\Compu Gráfica\Lab\Proyecto Final\Proyecto Final\Proyecto Final\Main_prac11.cpp(673,18): warning C4244: 'inicializando': conversión de 'double' a 'GLfloat'; posible pérdida de datos
C:\Users\pauli\Documents\FI\2021-2\Compu Gráfica\Lab\Proyecto Final\Proyecto Final\Proyecto Final\Main_prac11.cpp(675,10): warning C4244: '=': conversión de 'double' a 'GLfloat'; posible pérdida de datos
C:\Users\pauli\Documents\FI\2021-2\Compu Gráfica\Lab\Proyecto Final\Proyecto Final\Proyecto Final\Main_prac11.cpp(676,10): warning C4244: '=': conversión de 'double' a 'GLfloat'; posible pérdida de datos
C:\Users\pauli\Documents\FI\2021-2\Compu Gráfica\Lab\Proyecto Final\Proyecto Final\Proyecto Final\Main_prac11.cpp(819,19): warning C4305: '+=': truncamiento de 'double' a 'float'
C:\Users\pauli\Documents\FI\2021-2\Compu Gráfica\Lab\Proyecto Final\Proyecto Final\Proyecto Final\Main_prac11.cpp(820,23): warning C4305: '+=': truncamiento de 'double' a 'float'
C:\Users\pauli\Documents\FI\2021-2\Compu Gráfica\Lab\Proyecto Final\Proyecto Final\Proyecto Final\Main_prac11.cpp(842,19): warning C4305: '-=': truncamiento de 'double' a 'float'
C:\Users\pauli\Documents\FI\2021-2\Compu Gráfica\Lab\Proyecto Final\Proyecto Final\Proyecto Final\Main_prac11.cpp(843,23): warning C4305: '-=': truncamiento de 'double' a 'float'
C:\Users\pauli\Documents\FI\2021-2\Compu Gráfica\Lab\Proyecto Final\Proyecto Final\Proyecto Final\Main_prac11.cpp(863,20): warning C4305: '=': truncamiento de 'double' a 'float'
C:\Users\pauli\Documents\FI\2021-2\Compu Gráfica\Lab\Proyecto Final\Proyecto Final\Proyecto Final\Main_prac11.cpp(864,19): warning C4305: '=': truncamiento de 'double' a 'float'
C:\Users\pauli\Documents\FI\2021-2\Compu Gráfica\Lab\Proyecto Final\Proyecto Final\Proyecto Final\Main_prac11.cpp(865,23): warning C4305: '=': truncamiento de 'double' a 'float'
C:\Users\pauli\Documents\FI\2021-2\Compu Gráfica\Lab\Proyecto Final\Proyecto Final\Proyecto Final\Main_prac11.cpp(866,22): warning C4305: '=': truncamiento de 'double' a 'float'
C:\Users\pauli\Documents\FI\2021-2\Compu Gráfica\Lab\Proyecto Final\Proyecto Final\Proyecto Final\Main_prac11.cpp(880,21): warning C4305: '=': truncamiento de 'double' a 'float'
C:\Users\pauli\Documents\FI\2021-2\Compu Gráfica\Lab\Proyecto Final\Proyecto Final\Proyecto Final\Main_prac11.cpp(881,19): warning C4305: '=': truncamiento de 'double' a 'float'
C:\Users\pauli\Documents\FI\2021-2\Compu Gráfica\Lab\Proyecto Final\Proyecto Final\Proyecto Final\Main_prac11.cpp(882,22): warning C4305: '=': truncamiento de 'double' a 'float'
C:\Users\pauli\Documents\FI\2021-2\Compu Gráfica\Lab\Proyecto Final\Proyecto Final\Proyecto Final\Main_prac11.cpp(883,22): warning C4305: '=': truncamiento de 'double' a 'float'
C:\Users\pauli\Documents\FI\2021-2\Compu Gráfica\Lab\Proyecto Final\Proyecto Final\Proyecto Final\Main_prac11.cpp(898,23): warning C4305: '=': truncamiento de 'double' a 'float'
C:\Users\pauli\Documents\FI\2021-2\Compu Gráfica\Lab\Proyecto Final\Proyecto Final\Proyecto Final\Main_prac11.cpp(922,20): warning C4305: '=': truncamiento de 'double' a 'float'
C:\Users\pauli\Documents\FI\2021-2\Compu Gráfica\Lab\Proyecto Final\Proyecto Final\Proyecto Final\Main_prac11.cpp(923,21): warning C4305: '=': truncamiento de 'double' a 'float'
C:\Users\pauli\Documents\FI\2021-2\Compu Gráfica\Lab\Proyecto Final\Proyecto Final\Proyecto Final\Main_prac11.cpp(924,23): warning C4305: '=': truncamiento de 'double' a 'float'
C:\Users\pauli\Documents\FI\2021-2\Compu Gráfica\Lab\Proyecto Final\Proyecto Final\Proyecto Final\Main_prac11.cpp(925,22): warning C4305: '=': truncamiento de 'double' a 'float'
C:\Users\pauli\Documents\FI\2021-2\Compu Gráfica\Lab\Proyecto Final\Proyecto Final\Proyecto Final\Main_prac11.cpp(938,20): warning C4305: '=': truncamiento de 'double' a 'float'
C:\Users\pauli\Documents\FI\2021-2\Compu Gráfica\Lab\Proyecto Final\Proyecto Final\Proyecto Final\Main_prac11.cpp(939,20): warning C4305: '=': truncamiento de 'double' a 'float'
C:\Users\pauli\Documents\FI\2021-2\Compu Gráfica\Lab\Proyecto Final\Proyecto Final\Proyecto Final\Main_prac11.cpp(940,23): warning C4305: '=': truncamiento de 'double' a 'float'
C:\Users\pauli\Documents\FI\2021-2\Compu Gráfica\Lab\Proyecto Final\Proyecto Final\Proyecto Final\Main_prac11.cpp(941,22): warning C4305: '=': truncamiento de 'double' a 'float'
C:\Users\pauli\Documents\FI\2021-2\Compu Gráfica\Lab\Proyecto Final\Proyecto Final\Proyecto Final\Main_prac11.cpp(967,20): warning C4305: '-=': truncamiento de 'double' a 'float'
C:\Users\pauli\Documents\FI\2021-2\Compu Gráfica\Lab\Proyecto Final\Proyecto Final\Proyecto Final\Main_prac11.cpp(983,17): warning C4305: '-=': truncamiento de 'double' a 'float'
C:\Users\pauli\Documents\FI\2021-2\Compu Gráfica\Lab\Proyecto Final\Proyecto Final\Proyecto Final\Main_prac11.cpp(993,18): warning C4305: '+=': truncamiento de 'double' a 'float'
soil2-debug.lib(SOIL2.obj) : warning LNK4075: se omite '/EDITANDCONTINUE' debido a la especificación '/OPT:ICF'
LINK : warning LNK4098: la biblioteca predeterminada'MSVCRTD' entra en conflicto con otras bibliotecas; use la biblioteca /NODEFAULTLIB:biblioteca
  Generando código
  Generación de código finalizada
soil2-debug.lib(etc1_utils.obj) : warning LNK4099: no se encontró PDB 'soil2-debug.pdb' con 'soil2-debug.lib(etc1_utils.obj)' o en 'C:\Users\pauli\Documents\FI\2021-2\Compu Gráfica\Lab\Proyecto Final\Proyecto Final\Release\soil2-debug.pdb'; se vinculará el objeto sin tener en cuenta información de depuración
soil2-debug.lib(image_DXT.obj) : warning LNK4099: no se encontró PDB 'soil2-debug.pdb' con 'soil2-debug.lib(image_DXT.obj)' o en 'C:\Users\pauli\Documents\FI\2021-2\Compu Gráfica\Lab\Proyecto Final\Proyecto Final\Release\soil2-debug.pdb'; se vinculará el objeto sin tener en cuenta información de depuración
soil2-debug.lib(image_helper.obj) : warning LNK4099: no se encontró PDB 'soil2-debug.pdb' con 'soil2-debug.lib(image_helper.obj)' o en 'C:\Users\pauli\Documents\FI\2021-2\Compu Gráfica\Lab\Proyecto Final\Proyecto Final\Release\soil2-debug.pdb'; se vinculará el objeto sin tener en cuenta información de depuración
soil2-debug.lib(SOIL2.obj) : warning LNK4099: no se encontró PDB 'soil2-debug.pdb' con 'soil2-debug.lib(SOIL2.obj)' o en 'C:\Users\pauli\Documents\FI\2021-2\Compu Gráfica\Lab\Proyecto Final\Proyecto Final\Release\soil2-debug.pdb'; se vinculará el objeto sin tener en cuenta información de depuración
  0 of 649 functions ( 0.0%) were compiled, the rest were copied from previous compilation.
    0 functions were new in current compilation
    0 functions had inline decision re-evaluated but remain unchanged
  Proyecto Final.vcxproj -> C:\Users\pauli\Documents\FI\2021-2\Compu Gráfica\Lab\Proyecto Final\Proyecto Final\Release\Proyecto Final.exe
