  Main_prac11.cpp
C:\Users\pauli\Documents\FI\2021-2\Compu Gráfica\Lab\Proyecto Final\Proyecto Final\Proyecto Final\Main_prac11.cpp(384,24): warning C4244: 'inicializando': conversión de 'double' a 'GLfloat'; posible pérdida de datos
C:\Users\pauli\Documents\FI\2021-2\Compu Gráfica\Lab\Proyecto Final\Proyecto Final\Proyecto Final\Main_prac11.cpp(657,11): warning C4244: '=': conversión de 'double' a 'GLfloat'; posible pérdida de datos
C:\Users\pauli\Documents\FI\2021-2\Compu Gráfica\Lab\Proyecto Final\Proyecto Final\Proyecto Final\Main_prac11.cpp(658,11): warning C4244: '=': conversión de 'double' a 'GLfloat'; posible pérdida de datos
C:\Users\pauli\Documents\FI\2021-2\Compu Gráfica\Lab\Proyecto Final\Proyecto Final\Proyecto Final\Main_prac11.cpp(662,18): warning C4244: 'inicializando': conversión de 'double' a 'GLfloat'; posible pérdida de datos
C:\Users\pauli\Documents\FI\2021-2\Compu Gráfica\Lab\Proyecto Final\Proyecto Final\Proyecto Final\Main_prac11.cpp(663,18): warning C4244: 'inicializando': conversión de 'double' a 'GLfloat'; posible pérdida de datos
C:\Users\pauli\Documents\FI\2021-2\Compu Gráfica\Lab\Proyecto Final\Proyecto Final\Proyecto Final\Main_prac11.cpp(665,10): warning C4244: '=': conversión de 'double' a 'GLfloat'; posible pérdida de datos
C:\Users\pauli\Documents\FI\2021-2\Compu Gráfica\Lab\Proyecto Final\Proyecto Final\Proyecto Final\Main_prac11.cpp(666,10): warning C4244: '=': conversión de 'double' a 'GLfloat'; posible pérdida de datos
C:\Users\pauli\Documents\FI\2021-2\Compu Gráfica\Lab\Proyecto Final\Proyecto Final\Proyecto Final\Main_prac11.cpp(795,19): warning C4305: '+=': truncamiento de 'double' a 'float'
C:\Users\pauli\Documents\FI\2021-2\Compu Gráfica\Lab\Proyecto Final\Proyecto Final\Proyecto Final\Main_prac11.cpp(796,23): warning C4305: '+=': truncamiento de 'double' a 'float'
C:\Users\pauli\Documents\FI\2021-2\Compu Gráfica\Lab\Proyecto Final\Proyecto Final\Proyecto Final\Main_prac11.cpp(818,19): warning C4305: '-=': truncamiento de 'double' a 'float'
C:\Users\pauli\Documents\FI\2021-2\Compu Gráfica\Lab\Proyecto Final\Proyecto Final\Proyecto Final\Main_prac11.cpp(819,23): warning C4305: '-=': truncamiento de 'double' a 'float'
C:\Users\pauli\Documents\FI\2021-2\Compu Gráfica\Lab\Proyecto Final\Proyecto Final\Proyecto Final\Main_prac11.cpp(839,20): warning C4305: '=': truncamiento de 'double' a 'float'
C:\Users\pauli\Documents\FI\2021-2\Compu Gráfica\Lab\Proyecto Final\Proyecto Final\Proyecto Final\Main_prac11.cpp(840,19): warning C4305: '=': truncamiento de 'double' a 'float'
C:\Users\pauli\Documents\FI\2021-2\Compu Gráfica\Lab\Proyecto Final\Proyecto Final\Proyecto Final\Main_prac11.cpp(841,23): warning C4305: '=': truncamiento de 'double' a 'float'
C:\Users\pauli\Documents\FI\2021-2\Compu Gráfica\Lab\Proyecto Final\Proyecto Final\Proyecto Final\Main_prac11.cpp(842,22): warning C4305: '=': truncamiento de 'double' a 'float'
C:\Users\pauli\Documents\FI\2021-2\Compu Gráfica\Lab\Proyecto Final\Proyecto Final\Proyecto Final\Main_prac11.cpp(856,21): warning C4305: '=': truncamiento de 'double' a 'float'
C:\Users\pauli\Documents\FI\2021-2\Compu Gráfica\Lab\Proyecto Final\Proyecto Final\Proyecto Final\Main_prac11.cpp(857,19): warning C4305: '=': truncamiento de 'double' a 'float'
C:\Users\pauli\Documents\FI\2021-2\Compu Gráfica\Lab\Proyecto Final\Proyecto Final\Proyecto Final\Main_prac11.cpp(858,22): warning C4305: '=': truncamiento de 'double' a 'float'
C:\Users\pauli\Documents\FI\2021-2\Compu Gráfica\Lab\Proyecto Final\Proyecto Final\Proyecto Final\Main_prac11.cpp(859,22): warning C4305: '=': truncamiento de 'double' a 'float'
C:\Users\pauli\Documents\FI\2021-2\Compu Gráfica\Lab\Proyecto Final\Proyecto Final\Proyecto Final\Main_prac11.cpp(874,23): warning C4305: '=': truncamiento de 'double' a 'float'
C:\Users\pauli\Documents\FI\2021-2\Compu Gráfica\Lab\Proyecto Final\Proyecto Final\Proyecto Final\Main_prac11.cpp(898,20): warning C4305: '=': truncamiento de 'double' a 'float'
C:\Users\pauli\Documents\FI\2021-2\Compu Gráfica\Lab\Proyecto Final\Proyecto Final\Proyecto Final\Main_prac11.cpp(899,21): warning C4305: '=': truncamiento de 'double' a 'float'
C:\Users\pauli\Documents\FI\2021-2\Compu Gráfica\Lab\Proyecto Final\Proyecto Final\Proyecto Final\Main_prac11.cpp(900,23): warning C4305: '=': truncamiento de 'double' a 'float'
C:\Users\pauli\Documents\FI\2021-2\Compu Gráfica\Lab\Proyecto Final\Proyecto Final\Proyecto Final\Main_prac11.cpp(901,22): warning C4305: '=': truncamiento de 'double' a 'float'
C:\Users\pauli\Documents\FI\2021-2\Compu Gráfica\Lab\Proyecto Final\Proyecto Final\Proyecto Final\Main_prac11.cpp(914,20): warning C4305: '=': truncamiento de 'double' a 'float'
C:\Users\pauli\Documents\FI\2021-2\Compu Gráfica\Lab\Proyecto Final\Proyecto Final\Proyecto Final\Main_prac11.cpp(915,20): warning C4305: '=': truncamiento de 'double' a 'float'
C:\Users\pauli\Documents\FI\2021-2\Compu Gráfica\Lab\Proyecto Final\Proyecto Final\Proyecto Final\Main_prac11.cpp(916,23): warning C4305: '=': truncamiento de 'double' a 'float'
C:\Users\pauli\Documents\FI\2021-2\Compu Gráfica\Lab\Proyecto Final\Proyecto Final\Proyecto Final\Main_prac11.cpp(917,22): warning C4305: '=': truncamiento de 'double' a 'float'
C:\Users\pauli\Documents\FI\2021-2\Compu Gráfica\Lab\Proyecto Final\Proyecto Final\Proyecto Final\Main_prac11.cpp(943,20): warning C4305: '-=': truncamiento de 'double' a 'float'
C:\Users\pauli\Documents\FI\2021-2\Compu Gráfica\Lab\Proyecto Final\Proyecto Final\Proyecto Final\Main_prac11.cpp(959,17): warning C4305: '-=': truncamiento de 'double' a 'float'
C:\Users\pauli\Documents\FI\2021-2\Compu Gráfica\Lab\Proyecto Final\Proyecto Final\Proyecto Final\Main_prac11.cpp(969,18): warning C4305: '+=': truncamiento de 'double' a 'float'
  Proyecto Final.vcxproj -> C:\Users\pauli\Documents\FI\2021-2\Compu Gráfica\Lab\Proyecto Final\Proyecto Final\Debug\Proyecto Final.exe
